<?xml version="1.0" encoding="UTF-8"?>
<!-- Generated by org.testng.reporters.JUnitXMLReporter -->
<testsuite ignored="0" hostname="BobITs-MBP" failures="0" tests="2" name="Surefire test" time="24.096" errors="0" timestamp="2021-11-20T22:26:52 EST">
  <testcase classname="com.masterframework.pom.tests.MyFirstTestCase" name="guestCheckoutUsingDirectBankTransfer" time="18.682"/>
  <testcase classname="com.masterframework.pom.tests.MyFirstTestCase" name="loginAndCheckoutUsingDirectBankTransfer" time="21.342"/>
</testsuite> <!-- Surefire test -->
