<?xml version="1.0" encoding="UTF-8"?>
<!-- Generated by org.testng.reporters.JUnitXMLReporter -->
<testsuite ignored="0" hostname="BobITs-MacBook-Pro.local" failures="0" tests="2" name="Default test" time="51.729" errors="0" timestamp="2021-11-15T14:40:41 EST">
  <testcase classname="com.masterframework.MyFirstTestCase" name="guestCheckoutUsingDirectBankTransfer" time="24.288"/>
  <testcase classname="com.masterframework.MyFirstTestCase" name="loginAndCheckoutUsingDirectBankTransfer" time="27.415"/>
</testsuite> <!-- Default test -->
