<?xml version="1.0" encoding="UTF-8"?>
<!-- Generated by org.testng.reporters.JUnitXMLReporter -->
<testsuite ignored="1" hostname="BobITs-MacBook-Pro.local" failures="0" tests="1" name="Default test" time="27.183" errors="0" timestamp="2021-11-16T13:51:43 EST">
  <testcase classname="com.masterframework.MyFirstTestCase" name="guestCheckoutUsingDirectBankTransfer" time="25.004"/>
  <testcase classname="com.masterframework.MyFirstTestCase" name="loginAndCheckoutUsingDirectBankTransfer" time="0.0">
    <ignored/>
  </testcase> <!-- loginAndCheckoutUsingDirectBankTransfer -->
</testsuite> <!-- Default test -->
