<?xml version="1.0" encoding="UTF-8"?>
<!-- Generated by org.testng.reporters.JUnitXMLReporter -->
<testsuite ignored="0" hostname="BobITs-MBP" failures="0" tests="2" name="Test" time="52.171" errors="0" timestamp="2021-11-19T23:09:43 EST">
  <testcase classname="com.masterframework.pom.tests.MyFirstTestCase" name="guestCheckoutUsingDirectBankTransfer" time="20.938"/>
  <testcase classname="com.masterframework.pom.tests.MyFirstTestCase" name="loginAndCheckoutUsingDirectBankTransfer" time="22.76"/>
</testsuite> <!-- Test -->
