<?xml version="1.0" encoding="UTF-8"?>
<!-- Generated by org.testng.reporters.JUnitXMLReporter -->
<testsuite ignored="0" hostname="BobITs-MBP" failures="1" tests="2" name="Firefox" time="44.074" errors="0" timestamp="2021-11-20T22:42:24 EST">
  <testcase classname="com.masterframework.pom.tests.MyFirstTestCase" name="guestCheckoutUsingDirectBankTransfer" time="19.706"/>
  <testcase classname="com.masterframework.pom.tests.MyFirstTestCase" name="loginAndCheckoutUsingDirectBankTransfer" time="39.456">
    <failure type="org.openqa.selenium.TimeoutException" message="Expected condition failed: waiting for visibility of element located by By.cssSelector: .woocommerce-notice (tried for 20 second(s) with 500 milliseconds interval)
Build info: version: &amp;apos;4.0.0&amp;apos;, revision: &amp;apos;3a21814679&amp;apos;
System info: host: &amp;apos;BobITs-MBP&amp;apos;, ip: &amp;apos;fe80:0:0:0:ca6:3db9:b4ad:dbfb%en0&amp;apos;, os.name: &amp;apos;Mac OS X&amp;apos;, os.arch: &amp;apos;x86_64&amp;apos;, os.version: &amp;apos;11.5&amp;apos;, java.version: &amp;apos;11.0.11&amp;apos;
Driver info: org.openqa.selenium.firefox.FirefoxDriver
Capabilities {acceptInsecureCerts: true, browserName: firefox, browserVersion: 93.0, javascriptEnabled: true, moz:accessibilityChecks: false, moz:buildID: 20210927210923, moz:debuggerAddress: localhost:57558, moz:geckodriverVersion: 0.30.0, moz:headless: false, moz:processID: 13288, moz:profile: /var/folders/h7/g_072th558b..., moz:shutdownTimeout: 60000, moz:useNonSpecCompliantPointerOrigin: false, moz:webdriverClick: true, pageLoadStrategy: normal, platform: MAC, platformName: MAC, platformVersion: 20.6.0, proxy: Proxy(), se:cdp: ws://localhost:57558/devtoo..., se:cdpVersion: 85, setWindowRect: true, strictFileInteractability: false, timeouts: {implicit: 0, pageLoad: 300000, script: 30000}, unhandledPromptBehavior: dismiss and notify}
Session ID: 0cd36c66-fbc9-c84b-b4cf-481a4d467229">
      <![CDATA[org.openqa.selenium.TimeoutException: Expected condition failed: waiting for visibility of element located by By.cssSelector: .woocommerce-notice (tried for 20 second(s) with 500 milliseconds interval)
Build info: version: '4.0.0', revision: '3a21814679'
System info: host: 'BobITs-MBP', ip: 'fe80:0:0:0:ca6:3db9:b4ad:dbfb%en0', os.name: 'Mac OS X', os.arch: 'x86_64', os.version: '11.5', java.version: '11.0.11'
Driver info: org.openqa.selenium.firefox.FirefoxDriver
Capabilities {acceptInsecureCerts: true, browserName: firefox, browserVersion: 93.0, javascriptEnabled: true, moz:accessibilityChecks: false, moz:buildID: 20210927210923, moz:debuggerAddress: localhost:57558, moz:geckodriverVersion: 0.30.0, moz:headless: false, moz:processID: 13288, moz:profile: /var/folders/h7/g_072th558b..., moz:shutdownTimeout: 60000, moz:useNonSpecCompliantPointerOrigin: false, moz:webdriverClick: true, pageLoadStrategy: normal, platform: MAC, platformName: MAC, platformVersion: 20.6.0, proxy: Proxy(), se:cdp: ws://localhost:57558/devtoo..., se:cdpVersion: 85, setWindowRect: true, strictFileInteractability: false, timeouts: {implicit: 0, pageLoad: 300000, script: 30000}, unhandledPromptBehavior: dismiss and notify}
Session ID: 0cd36c66-fbc9-c84b-b4cf-481a4d467229
at org.openqa.selenium.support.ui.WebDriverWait.timeoutException(WebDriverWait.java:138)
at org.openqa.selenium.support.ui.FluentWait.until(FluentWait.java:231)
at com.masterframework.pom.pages.CheckoutPage.getNotice(CheckoutPage.java:92)
at com.masterframework.pom.tests.MyFirstTestCase.loginAndCheckoutUsingDirectBankTransfer(MyFirstTestCase.java:91)
at java.base/java.util.concurrent.ThreadPoolExecutor.runWorker(ThreadPoolExecutor.java:1128)
at java.base/java.util.concurrent.ThreadPoolExecutor$Worker.run(ThreadPoolExecutor.java:628)
at java.base/java.lang.Thread.run(Thread.java:829)
... Removed 12 stack frames]]>
    </failure>
  </testcase> <!-- loginAndCheckoutUsingDirectBankTransfer -->
</testsuite> <!-- Firefox -->
