<?xml version="1.0" encoding="UTF-8"?>
<!-- Generated by org.testng.reporters.JUnitXMLReporter -->
<testsuite ignored="0" hostname="BobITs-MBP" failures="0" tests="2" name="Command line test" time="46.793" errors="0" timestamp="2021-11-19T15:51:00 EST">
  <testcase classname="com.masterframework.pom.tests.MyFirstTestCase" name="guestCheckoutUsingDirectBankTransfer" time="18.926"/>
  <testcase classname="com.masterframework.pom.tests.MyFirstTestCase" name="loginAndCheckoutUsingDirectBankTransfer" time="21.261"/>
</testsuite> <!-- Command line test -->
