<?xml version="1.0" encoding="UTF-8"?>
<!-- Generated by org.testng.reporters.JUnitXMLReporter -->
<testsuite ignored="0" hostname="BobITs-MBP" failures="0" tests="2" name="Chrome" time="39.303" errors="0" timestamp="2021-11-21T23:06:54 EST">
  <testcase classname="com.masterframework.pom.tests.MyFirstTestCase" name="guestCheckoutUsingDirectBankTransfer" time="17.022"/>
  <testcase classname="com.masterframework.pom.tests.MyFirstTestCase" name="loginAndCheckoutUsingDirectBankTransfer" time="18.895"/>
</testsuite> <!-- Chrome -->
