<?xml version="1.0" encoding="UTF-8"?>
<testng-results ignored="0" total="2" passed="2" failed="0" skipped="0">
  <reporter-output>
  </reporter-output>
  <suite started-at="2021-11-19T15:50:13 EST" name="Command line suite" finished-at="2021-11-19T15:51:00 EST" duration-ms="46793">
    <groups>
    </groups>
    <test started-at="2021-11-19T15:50:13 EST" name="Command line test" finished-at="2021-11-19T15:51:00 EST" duration-ms="46793">
      <class name="com.masterframework.pom.tests.MyFirstTestCase">
        <test-method is-config="true" signature="startDriver()[pri:0, instance:com.masterframework.pom.tests.MyFirstTestCase@481a15ff]" started-at="2021-11-19T15:50:13 EST" name="startDriver" finished-at="2021-11-19T15:50:16 EST" duration-ms="3179" status="PASS">
          <reporter-output>
          </reporter-output>
        </test-method> <!-- startDriver -->
        <test-method signature="guestCheckoutUsingDirectBankTransfer()[pri:0, instance:com.masterframework.pom.tests.MyFirstTestCase@481a15ff]" started-at="2021-11-19T15:50:16 EST" name="guestCheckoutUsingDirectBankTransfer" finished-at="2021-11-19T15:50:35 EST" duration-ms="18926" status="PASS">
          <reporter-output>
          </reporter-output>
        </test-method> <!-- guestCheckoutUsingDirectBankTransfer -->
        <test-method is-config="true" signature="quitDriver()[pri:0, instance:com.masterframework.pom.tests.MyFirstTestCase@481a15ff]" started-at="2021-11-19T15:50:35 EST" name="quitDriver" finished-at="2021-11-19T15:50:35 EST" duration-ms="448" status="PASS">
          <reporter-output>
          </reporter-output>
        </test-method> <!-- quitDriver -->
        <test-method is-config="true" signature="startDriver()[pri:0, instance:com.masterframework.pom.tests.MyFirstTestCase@481a15ff]" started-at="2021-11-19T15:50:35 EST" name="startDriver" finished-at="2021-11-19T15:50:38 EST" duration-ms="2502" status="PASS">
          <reporter-output>
          </reporter-output>
        </test-method> <!-- startDriver -->
        <test-method signature="loginAndCheckoutUsingDirectBankTransfer()[pri:0, instance:com.masterframework.pom.tests.MyFirstTestCase@481a15ff]" started-at="2021-11-19T15:50:38 EST" name="loginAndCheckoutUsingDirectBankTransfer" finished-at="2021-11-19T15:50:59 EST" duration-ms="21261" status="PASS">
          <reporter-output>
          </reporter-output>
        </test-method> <!-- loginAndCheckoutUsingDirectBankTransfer -->
        <test-method is-config="true" signature="quitDriver()[pri:0, instance:com.masterframework.pom.tests.MyFirstTestCase@481a15ff]" started-at="2021-11-19T15:50:59 EST" name="quitDriver" finished-at="2021-11-19T15:51:00 EST" duration-ms="453" status="PASS">
          <reporter-output>
          </reporter-output>
        </test-method> <!-- quitDriver -->
      </class> <!-- com.masterframework.pom.tests.MyFirstTestCase -->
    </test> <!-- Command line test -->
  </suite> <!-- Command line suite -->
</testng-results>
