<?xml version="1.0" encoding="UTF-8"?>
<testng-results ignored="0" total="2" passed="2" failed="0" skipped="0">
  <reporter-output>
  </reporter-output>
  <suite started-at="2021-11-21T23:06:15 EST" name="Suite1" finished-at="2021-11-21T23:06:54 EST" duration-ms="39303">
    <groups>
    </groups>
    <test started-at="2021-11-21T23:06:15 EST" name="Chrome" finished-at="2021-11-21T23:06:54 EST" duration-ms="39303">
      <class name="com.masterframework.pom.tests.MyFirstTestCase">
        <test-method is-config="true" signature="startDriver(java.lang.String)[pri:0, instance:com.masterframework.pom.tests.MyFirstTestCase@55a1c291]" started-at="2021-11-21T23:06:15 EST" name="startDriver" finished-at="2021-11-21T23:06:16 EST" duration-ms="1944" status="PASS">
          <params>
            <param index="0">
              <value>
                <![CDATA[CHROME]]>
              </value>
            </param>
          </params>
          <reporter-output>
          </reporter-output>
        </test-method> <!-- startDriver -->
        <test-method signature="guestCheckoutUsingDirectBankTransfer()[pri:0, instance:com.masterframework.pom.tests.MyFirstTestCase@55a1c291]" started-at="2021-11-21T23:06:16 EST" name="guestCheckoutUsingDirectBankTransfer" finished-at="2021-11-21T23:06:34 EST" duration-ms="17022" status="PASS">
          <reporter-output>
          </reporter-output>
        </test-method> <!-- guestCheckoutUsingDirectBankTransfer -->
        <test-method is-config="true" signature="quitDriver()[pri:0, instance:com.masterframework.pom.tests.MyFirstTestCase@55a1c291]" started-at="2021-11-21T23:06:34 EST" name="quitDriver" finished-at="2021-11-21T23:06:34 EST" duration-ms="91" status="PASS">
          <reporter-output>
          </reporter-output>
        </test-method> <!-- quitDriver -->
        <test-method is-config="true" signature="startDriver(java.lang.String)[pri:0, instance:com.masterframework.pom.tests.MyFirstTestCase@55a1c291]" started-at="2021-11-21T23:06:34 EST" name="startDriver" finished-at="2021-11-21T23:06:35 EST" duration-ms="1192" status="PASS">
          <params>
            <param index="0">
              <value>
                <![CDATA[CHROME]]>
              </value>
            </param>
          </params>
          <reporter-output>
          </reporter-output>
        </test-method> <!-- startDriver -->
        <test-method signature="loginAndCheckoutUsingDirectBankTransfer()[pri:0, instance:com.masterframework.pom.tests.MyFirstTestCase@55a1c291]" started-at="2021-11-21T23:06:35 EST" name="loginAndCheckoutUsingDirectBankTransfer" finished-at="2021-11-21T23:06:54 EST" duration-ms="18895" status="PASS">
          <reporter-output>
          </reporter-output>
        </test-method> <!-- loginAndCheckoutUsingDirectBankTransfer -->
        <test-method is-config="true" signature="quitDriver()[pri:0, instance:com.masterframework.pom.tests.MyFirstTestCase@55a1c291]" started-at="2021-11-21T23:06:54 EST" name="quitDriver" finished-at="2021-11-21T23:06:54 EST" duration-ms="140" status="PASS">
          <reporter-output>
          </reporter-output>
        </test-method> <!-- quitDriver -->
      </class> <!-- com.masterframework.pom.tests.MyFirstTestCase -->
    </test> <!-- Chrome -->
  </suite> <!-- Suite1 -->
</testng-results>
