<?xml version="1.0" encoding="UTF-8"?>
<testng-results ignored="0" total="1" passed="1" failed="0" skipped="0">
  <reporter-output>
  </reporter-output>
  <suite started-at="2021-11-15T13:34:00 EST" name="Default suite" finished-at="2021-11-15T13:34:24 EST" duration-ms="24260">
    <groups>
    </groups>
    <test started-at="2021-11-15T13:34:00 EST" name="Default test" finished-at="2021-11-15T13:34:24 EST" duration-ms="24260">
      <class name="com.masterframework.MyFirstTestCase">
        <test-method signature="guestCheckoutUsingDirectBankTransfer()[pri:0, instance:com.masterframework.MyFirstTestCase@1ba9117e]" started-at="2021-11-15T13:34:00 EST" name="guestCheckoutUsingDirectBankTransfer" finished-at="2021-11-15T13:34:24 EST" duration-ms="24235" status="PASS">
          <reporter-output>
          </reporter-output>
        </test-method> <!-- guestCheckoutUsingDirectBankTransfer -->
      </class> <!-- com.masterframework.MyFirstTestCase -->
    </test> <!-- Default test -->
  </suite> <!-- Default suite -->
</testng-results>
