<?xml version="1.0" encoding="UTF-8"?>
<testng-results ignored="0" total="2" passed="2" failed="0" skipped="0">
  <reporter-output>
  </reporter-output>
  <suite started-at="2021-11-15T14:39:49 EST" name="Default suite" finished-at="2021-11-15T14:40:41 EST" duration-ms="51729">
    <groups>
    </groups>
    <test started-at="2021-11-15T14:39:49 EST" name="Default test" finished-at="2021-11-15T14:40:41 EST" duration-ms="51729">
      <class name="com.masterframework.MyFirstTestCase">
        <test-method signature="guestCheckoutUsingDirectBankTransfer()[pri:0, instance:com.masterframework.MyFirstTestCase@29e495ff]" started-at="2021-11-15T14:39:49 EST" name="guestCheckoutUsingDirectBankTransfer" finished-at="2021-11-15T14:40:13 EST" duration-ms="24288" status="PASS">
          <reporter-output>
          </reporter-output>
        </test-method> <!-- guestCheckoutUsingDirectBankTransfer -->
        <test-method signature="loginAndCheckoutUsingDirectBankTransfer()[pri:0, instance:com.masterframework.MyFirstTestCase@29e495ff]" started-at="2021-11-15T14:40:13 EST" name="loginAndCheckoutUsingDirectBankTransfer" finished-at="2021-11-15T14:40:41 EST" duration-ms="27415" status="PASS">
          <reporter-output>
          </reporter-output>
        </test-method> <!-- loginAndCheckoutUsingDirectBankTransfer -->
      </class> <!-- com.masterframework.MyFirstTestCase -->
    </test> <!-- Default test -->
  </suite> <!-- Default suite -->
</testng-results>
